[2024-10-21 23:12:58,278 : INFO : app : -- Getting response using url --]
[2024-10-21 23:12:58,278 : ERROR : app : ----An error occurred: 'str' object has no attribute 'url'----]
[2024-10-21 23:13:14,305 : INFO : app : -- Getting response using url --]
[2024-10-21 23:13:14,305 : ERROR : app : ----An error occurred: 'str' object has no attribute 'url'----]
[2024-10-21 23:14:22,809 : INFO : app : -- Getting response using url --]
[2024-10-21 23:14:27,162 : INFO : app : ---- Entire content extracted and saved to output.txt ----]
[2024-10-21 23:16:44,380 : INFO : extractText : -- Getting response using url --]
[2024-10-21 23:16:46,536 : INFO : extractText : ---- Entire content extracted and saved to output.txt ----]
[2024-10-21 23:17:27,650 : INFO : extractText : -- Getting response using url --]
[2024-10-21 23:17:29,985 : INFO : extractText : ---- Entire content extracted and saved to output.txt ----]
[2024-10-21 23:19:55,581 : INFO : extractText : -- Getting response using url --]
[2024-10-21 23:19:57,771 : INFO : extractText : ---- Entire content extracted and saved to output.txt ----]
[2024-10-21 23:19:57,840 : WARNING : _internal :  * Debugger is active!]
[2024-10-21 23:19:57,851 : INFO : _internal :  * Debugger PIN: 158-319-950]
[2024-10-21 23:20:01,902 : INFO : _internal :  * Detected change in '/Users/vivek/work/GIT/Triluxo/app.py', reloading]
[2024-10-21 23:20:02,328 : WARNING : _internal :  * Debugger is active!]
[2024-10-21 23:20:02,333 : INFO : _internal :  * Debugger PIN: 158-319-950]
[2024-10-21 23:20:10,163 : INFO : extractText : -- Getting response using url --]
[2024-10-21 23:20:13,237 : INFO : extractText : ---- Entire content extracted and saved to output.txt ----]
[2024-10-21 23:20:13,238 : INFO : _internal : 127.0.0.1 - - [21/Oct/2024 23:20:13] "GET /run HTTP/1.1" 200 -]
[2024-10-21 23:20:26,568 : INFO : _internal :  * Detected change in '/Users/vivek/work/GIT/Triluxo/app.py', reloading]
[2024-10-21 23:20:27,103 : WARNING : _internal :  * Debugger is active!]
[2024-10-21 23:20:27,108 : INFO : _internal :  * Debugger PIN: 158-319-950]
[2024-10-21 23:20:30,040 : INFO : extractText : -- Getting response using url --]
[2024-10-21 23:20:32,900 : INFO : extractText : ---- Entire content extracted and saved to output.txt ----]
[2024-10-21 23:20:32,900 : INFO : _internal : 127.0.0.1 - - [21/Oct/2024 23:20:32] "GET /run HTTP/1.1" 200 -]
[2024-10-21 23:21:03,472 : INFO : _internal :  * Detected change in '/Users/vivek/work/GIT/Triluxo/app.py', reloading]
[2024-10-21 23:21:03,899 : WARNING : _internal :  * Debugger is active!]
[2024-10-21 23:21:03,903 : INFO : _internal :  * Debugger PIN: 158-319-950]
[2024-10-21 23:21:13,218 : INFO : extractText : -- Getting response using url --]
[2024-10-21 23:21:15,905 : INFO : extractText : ---- Entire content extracted and saved to output.txt ----]
[2024-10-21 23:21:15,906 : INFO : _internal : 127.0.0.1 - - [21/Oct/2024 23:21:15] "GET /get_content HTTP/1.1" 200 -]
[2024-10-21 23:21:23,102 : INFO : _internal :  * Detected change in '/Users/vivek/work/GIT/Triluxo/app.py', reloading]
[2024-10-21 23:21:23,676 : WARNING : _internal :  * Debugger is active!]
[2024-10-21 23:21:23,681 : INFO : _internal :  * Debugger PIN: 158-319-950]
[2024-10-21 23:21:24,689 : INFO : extractText : -- Getting response using url --]
[2024-10-21 23:21:27,264 : INFO : extractText : ---- Entire content extracted and saved to output.txt ----]
[2024-10-21 23:21:27,265 : INFO : _internal : 127.0.0.1 - - [21/Oct/2024 23:21:27] "GET /get_content HTTP/1.1" 200 -]
[2024-10-21 23:23:01,034 : INFO : extractText : -- Getting response using url --]
[2024-10-21 23:23:03,527 : INFO : extractText : ---- Entire content extracted and saved to output.txt ----]
[2024-10-21 23:23:03,528 : INFO : _internal : 127.0.0.1 - - [21/Oct/2024 23:23:03] "GET /get_content HTTP/1.1" 200 -]
[2024-10-21 23:23:36,862 : INFO : _internal :  * Detected change in '/Users/vivek/work/GIT/Triluxo/app.py', reloading]
[2024-10-21 23:23:37,472 : WARNING : _internal :  * Debugger is active!]
[2024-10-21 23:23:37,478 : INFO : _internal :  * Debugger PIN: 158-319-950]
[2024-10-21 23:23:42,528 : INFO : _internal :  * Detected change in '/Users/vivek/work/GIT/Triluxo/app.py', reloading]
[2024-10-21 23:23:42,935 : WARNING : _internal :  * Debugger is active!]
[2024-10-21 23:23:42,939 : INFO : _internal :  * Debugger PIN: 158-319-950]
[2024-10-21 23:23:52,024 : INFO : _internal :  * Detected change in '/Users/vivek/work/GIT/Triluxo/app.py', reloading]
[2024-10-21 23:23:52,443 : WARNING : _internal :  * Debugger is active!]
[2024-10-21 23:23:52,449 : INFO : _internal :  * Debugger PIN: 158-319-950]
[2024-10-21 23:24:47,504 : INFO : _internal : 127.0.0.1 - - [21/Oct/2024 23:24:47] "[35m[1mGET /get_content HTTP/1.1[0m" 500 -]
[2024-10-21 23:25:18,264 : INFO : _internal : 127.0.0.1 - - [21/Oct/2024 23:25:18] "[35m[1mGET /get_content HTTP/1.1[0m" 500 -]
[2024-10-21 23:25:53,099 : INFO : _internal : [31m[1mWARNING: This is a development server. Do not use it in a production deployment. Use a production WSGI server instead.[0m
 * Running on http://127.0.0.1:5000]
[2024-10-21 23:25:53,099 : INFO : _internal : [33mPress CTRL+C to quit[0m]
[2024-10-21 23:25:53,100 : INFO : _internal :  * Restarting with stat]
[2024-10-21 23:25:53,429 : WARNING : _internal :  * Debugger is active!]
[2024-10-21 23:25:53,434 : INFO : _internal :  * Debugger PIN: 158-319-950]
[2024-10-21 23:26:27,434 : INFO : _internal : 127.0.0.1 - - [21/Oct/2024 23:26:27] "[35m[1mGET /get_content HTTP/1.1[0m" 500 -]
[2024-10-21 23:27:17,216 : INFO : _internal :  * Detected change in '/Users/vivek/work/GIT/Triluxo/app.py', reloading]
[2024-10-21 23:27:17,307 : INFO : _internal :  * Restarting with stat]
[2024-10-21 23:27:27,041 : INFO : _internal : [31m[1mWARNING: This is a development server. Do not use it in a production deployment. Use a production WSGI server instead.[0m
 * Running on http://127.0.0.1:5000]
[2024-10-21 23:27:27,041 : INFO : _internal : [33mPress CTRL+C to quit[0m]
[2024-10-21 23:27:27,042 : INFO : _internal :  * Restarting with stat]
[2024-10-21 23:27:27,355 : WARNING : _internal :  * Debugger is active!]
[2024-10-21 23:27:27,365 : INFO : _internal :  * Debugger PIN: 158-319-950]
[2024-10-21 23:27:32,137 : INFO : _internal : 127.0.0.1 - - [21/Oct/2024 23:27:32] "[35m[1mGET /get_content HTTP/1.1[0m" 500 -]
[2024-10-21 23:28:15,796 : INFO : _internal :  * Detected change in '/Users/vivek/work/GIT/Triluxo/app.py', reloading]
[2024-10-21 23:28:15,885 : INFO : _internal :  * Restarting with stat]
[2024-10-21 23:28:16,315 : WARNING : _internal :  * Debugger is active!]
[2024-10-21 23:28:16,320 : INFO : _internal :  * Debugger PIN: 158-319-950]
[2024-10-21 23:28:19,996 : INFO : _internal : 127.0.0.1 - - [21/Oct/2024 23:28:19] "GET /get_content HTTP/1.1" 200 -]
[2024-10-21 23:28:36,014 : INFO : _internal : [31m[1mWARNING: This is a development server. Do not use it in a production deployment. Use a production WSGI server instead.[0m
 * Running on http://127.0.0.1:5000]
[2024-10-21 23:28:36,014 : INFO : _internal : [33mPress CTRL+C to quit[0m]
[2024-10-21 23:28:36,015 : INFO : _internal :  * Restarting with stat]
[2024-10-21 23:28:36,331 : WARNING : _internal :  * Debugger is active!]
[2024-10-21 23:28:36,336 : INFO : _internal :  * Debugger PIN: 158-319-950]
[2024-10-21 23:28:45,770 : INFO : _internal : [31m[1mWARNING: This is a development server. Do not use it in a production deployment. Use a production WSGI server instead.[0m
 * Running on http://127.0.0.1:5000]
[2024-10-21 23:28:45,770 : INFO : _internal : [33mPress CTRL+C to quit[0m]
[2024-10-21 23:28:45,771 : INFO : _internal :  * Restarting with stat]
[2024-10-21 23:28:46,082 : WARNING : _internal :  * Debugger is active!]
[2024-10-21 23:28:46,086 : INFO : _internal :  * Debugger PIN: 158-319-950]
[2024-10-21 23:29:01,084 : INFO : _internal : 127.0.0.1 - - [21/Oct/2024 23:29:01] "GET /get_content HTTP/1.1" 200 -]
[2024-10-21 23:29:30,503 : INFO : _internal :  * Detected change in '/Users/vivek/work/GIT/Triluxo/app.py', reloading]
[2024-10-21 23:29:30,593 : INFO : _internal :  * Restarting with stat]
[2024-10-21 23:29:30,919 : WARNING : _internal :  * Debugger is active!]
[2024-10-21 23:29:30,925 : INFO : _internal :  * Debugger PIN: 158-319-950]
[2024-10-21 23:29:32,945 : INFO : _internal :  * Detected change in '/Users/vivek/work/GIT/Triluxo/app.py', reloading]
[2024-10-21 23:29:33,027 : INFO : _internal :  * Restarting with stat]
[2024-10-21 23:29:33,361 : WARNING : _internal :  * Debugger is active!]
[2024-10-21 23:29:33,366 : INFO : _internal :  * Debugger PIN: 158-319-950]
[2024-10-21 23:29:55,571 : INFO : _internal :  * Detected change in '/Users/vivek/work/GIT/Triluxo/app.py', reloading]
[2024-10-21 23:29:55,666 : INFO : _internal :  * Restarting with stat]
[2024-10-21 23:29:56,019 : WARNING : _internal :  * Debugger is active!]
[2024-10-21 23:29:56,025 : INFO : _internal :  * Debugger PIN: 158-319-950]
[2024-10-21 23:30:02,220 : INFO : _internal : 127.0.0.1 - - [21/Oct/2024 23:30:02] "[35m[1mGET /get_content HTTP/1.1[0m" 500 -]
[2024-10-21 23:30:47,494 : INFO : _internal :  * Detected change in '/Users/vivek/work/GIT/Triluxo/app.py', reloading]
[2024-10-21 23:30:47,579 : INFO : _internal :  * Restarting with stat]
[2024-10-21 23:30:48,093 : WARNING : _internal :  * Debugger is active!]
[2024-10-21 23:30:48,098 : INFO : _internal :  * Debugger PIN: 158-319-950]
[2024-10-21 23:34:57,372 : INFO : _internal :  * Detected change in '/Users/vivek/work/GIT/Triluxo/app.py', reloading]
[2024-10-21 23:34:57,460 : INFO : _internal :  * Restarting with stat]
[2024-10-21 23:34:57,944 : WARNING : _internal :  * Debugger is active!]
[2024-10-21 23:34:57,951 : INFO : _internal :  * Debugger PIN: 158-319-950]
[2024-10-21 23:35:03,853 : INFO : _internal : 127.0.0.1 - - [21/Oct/2024 23:35:03] "GET /get_content HTTP/1.1" 200 -]
[2024-10-21 23:35:24,189 : INFO : _internal :  * Detected change in '/Users/vivek/work/GIT/Triluxo/app.py', reloading]
[2024-10-21 23:35:24,279 : INFO : _internal :  * Restarting with stat]
[2024-10-21 23:35:24,752 : WARNING : _internal :  * Debugger is active!]
[2024-10-21 23:35:24,757 : INFO : _internal :  * Debugger PIN: 158-319-950]
[2024-10-21 23:35:39,674 : INFO : _internal : 127.0.0.1 - - [21/Oct/2024 23:35:39] "GET /get_content HTTP/1.1" 200 -]
[2024-10-21 23:36:22,271 : INFO : _internal :  * Detected change in '/Users/vivek/work/GIT/Triluxo/app.py', reloading]
[2024-10-21 23:36:22,359 : INFO : _internal :  * Restarting with stat]
[2024-10-21 23:36:22,688 : WARNING : _internal :  * Debugger is active!]
[2024-10-21 23:36:22,692 : INFO : _internal :  * Debugger PIN: 158-319-950]
[2024-10-21 23:37:06,092 : INFO : _internal :  * Detected change in '/Users/vivek/work/GIT/Triluxo/app.py', reloading]
[2024-10-21 23:37:06,181 : INFO : _internal :  * Restarting with stat]
[2024-10-21 23:37:06,547 : WARNING : _internal :  * Debugger is active!]
[2024-10-21 23:37:06,552 : INFO : _internal :  * Debugger PIN: 158-319-950]
[2024-10-21 23:37:10,588 : INFO : _internal :  * Detected change in '/Users/vivek/work/GIT/Triluxo/app.py', reloading]
[2024-10-21 23:37:10,681 : INFO : _internal :  * Restarting with stat]
[2024-10-21 23:37:11,013 : WARNING : _internal :  * Debugger is active!]
[2024-10-21 23:37:11,019 : INFO : _internal :  * Debugger PIN: 158-319-950]
[2024-10-21 23:37:49,386 : INFO : _internal :  * Detected change in '/Users/vivek/work/GIT/Triluxo/app.py', reloading]
[2024-10-21 23:37:49,478 : INFO : _internal :  * Restarting with stat]
[2024-10-21 23:37:49,890 : WARNING : _internal :  * Debugger is active!]
[2024-10-21 23:37:49,895 : INFO : _internal :  * Debugger PIN: 158-319-950]
[2024-10-21 23:38:01,088 : INFO : _internal : 127.0.0.1 - - [21/Oct/2024 23:38:01] "GET /get_content HTTP/1.1" 200 -]
[2024-10-21 23:38:20,163 : INFO : _internal :  * Detected change in '/Users/vivek/work/GIT/Triluxo/app.py', reloading]
[2024-10-21 23:38:20,258 : INFO : _internal :  * Restarting with stat]
[2024-10-21 23:38:20,671 : WARNING : _internal :  * Debugger is active!]
[2024-10-21 23:38:20,676 : INFO : _internal :  * Debugger PIN: 158-319-950]
[2024-10-21 23:38:23,022 : INFO : extractText : -- Getting response using url --]
[2024-10-21 23:38:25,203 : INFO : extractText : ---- Entire content extracted and saved to output.txt ----]
[2024-10-21 23:38:25,204 : INFO : _internal : 127.0.0.1 - - [21/Oct/2024 23:38:25] "GET /get_content HTTP/1.1" 200 -]
[2024-10-21 23:38:36,826 : INFO : _internal :  * Detected change in '/Users/vivek/work/GIT/Triluxo/app.py', reloading]
[2024-10-21 23:38:36,916 : INFO : _internal :  * Restarting with stat]
[2024-10-21 23:38:37,362 : WARNING : _internal :  * Debugger is active!]
[2024-10-21 23:38:37,367 : INFO : _internal :  * Debugger PIN: 158-319-950]
[2024-10-21 23:38:57,564 : INFO : _internal :  * Detected change in '/Users/vivek/work/GIT/Triluxo/app.py', reloading]
[2024-10-21 23:38:57,649 : INFO : _internal :  * Restarting with stat]
[2024-10-21 23:38:57,971 : WARNING : _internal :  * Debugger is active!]
[2024-10-21 23:38:57,976 : INFO : _internal :  * Debugger PIN: 158-319-950]
